{"C:\\Users\\mtzal\\OneDrive\\Escritorio\\EDUCONTROL-CBTA\\educontrol-website-pwa\\src\\components\\Button\\Button.tsx": {"path":"C:\\Users\\mtzal\\OneDrive\\Escritorio\\EDUCONTROL-CBTA\\educontrol-website-pwa\\src\\components\\Button\\Button.tsx","statementMap":{"0":{"start":{"line":8,"column":38},"end":{"line":9,"column":null}},"1":{"start":{"line":9,"column":2},"end":{"line":9,"column":44}},"2":{"start":{"line":12,"column":0},"end":{"line":12,"column":22}}},"fnMap":{"0":{"name":"(anonymous_0)","decl":{"start":{"line":8,"column":38},"end":{"line":8,"column":39}},"loc":{"start":{"line":9,"column":2},"end":{"line":9,"column":44}}}},"branchMap":{},"s":{"0":1,"1":2,"2":1},"f":{"0":2},"b":{}}
}
